/work/cvcs2024/SLR_sentiment_enhanced/datasets/WLASL/WLASL/start_kit/data/val/signer29_sample9_color.mp4
/work/cvcs2024/SLR_sentiment_enhanced/datasets/WLASL/WLASL/start_kit/data/val/signer6_sample93_color.mp4
/work/cvcs2024/SLR_sentiment_enhanced/datasets/WLASL/WLASL/start_kit/data/val/signer4_sample374_color.mp4
/work/cvcs2024/SLR_sentiment_enhanced/datasets/WLASL/WLASL/start_kit/data/val/signer21_sample324_color.mp4
/work/cvcs2024/SLR_sentiment_enhanced/datasets/WLASL/WLASL/start_kit/data/val/signer9_sample323_color.mp4
/work/cvcs2024/SLR_sentiment_enhanced/datasets/WLASL/WLASL/start_kit/data/val/signer13_sample472_color.mp4
/work/cvcs2024/SLR_sentiment_enhanced/datasets/WLASL/WLASL/start_kit/data/val/signer2_sample506_color.mp4
/work/cvcs2024/SLR_sentiment_enhanced/datasets/WLASL/WLASL/start_kit/data/val/signer13_sample947_color.mp4
/work/cvcs2024/SLR_sentiment_enhanced/datasets/WLASL/WLASL/start_kit/data/val/signer13_sample358_color.mp4
/work/cvcs2024/SLR_sentiment_enhanced/datasets/WLASL/WLASL/start_kit/data/val/signer2_sample547_color.mp4
/work/cvcs2024/SLR_sentiment_enhanced/datasets/WLASL/WLASL/start_kit/data/val/signer59_sample183_color.mp4
/work/cvcs2024/SLR_sentiment_enhanced/datasets/WLASL/WLASL/start_kit/data/val/signer9_sample364_color.mp4
/work/cvcs2024/SLR_sentiment_enhanced/datasets/WLASL/WLASL/start_kit/data/val/signer32_sample12_color.mp4
/work/cvcs2024/SLR_sentiment_enhanced/datasets/WLASL/WLASL/start_kit/data/val/signer59_sample147_color.mp4
/work/cvcs2024/SLR_sentiment_enhanced/datasets/WLASL/WLASL/start_kit/data/val/signer9_sample1295_color.mp4
/work/cvcs2024/SLR_sentiment_enhanced/datasets/WLASL/WLASL/start_kit/data/val/signer5_sample1508_color.mp4
/work/cvcs2024/SLR_sentiment_enhanced/datasets/WLASL/WLASL/start_kit/data/val/signer90_sample58_color.mp4
/work/cvcs2024/SLR_sentiment_enhanced/datasets/WLASL/WLASL/start_kit/data/val/signer4_sample39_color.mp4
/work/cvcs2024/SLR_sentiment_enhanced/datasets/WLASL/WLASL/start_kit/data/val/signer5_sample1522_color.mp4
/work/cvcs2024/SLR_sentiment_enhanced/datasets/WLASL/WLASL/start_kit/data/val/signer10_sample544_color.mp4
/work/cvcs2024/SLR_sentiment_enhanced/datasets/WLASL/WLASL/start_kit/data/val/signer9_sample1229_color.mp4
/work/cvcs2024/SLR_sentiment_enhanced/datasets/WLASL/WLASL/start_kit/data/val/signer5_sample474_color.mp4
/work/cvcs2024/SLR_sentiment_enhanced/datasets/WLASL/WLASL/start_kit/data/val/signer33_sample19_color.mp4
/work/cvcs2024/SLR_sentiment_enhanced/datasets/WLASL/WLASL/start_kit/data/val/signer34_sample4_color.mp4
/work/cvcs2024/SLR_sentiment_enhanced/datasets/WLASL/WLASL/start_kit/data/val/signer37_sample120_color.mp4
/work/cvcs2024/SLR_sentiment_enhanced/datasets/WLASL/WLASL/start_kit/data/val/signer13_sample623_color.mp4
/work/cvcs2024/SLR_sentiment_enhanced/datasets/WLASL/WLASL/start_kit/data/val/signer2_sample532_color.mp4
/work/cvcs2024/SLR_sentiment_enhanced/datasets/WLASL/WLASL/start_kit/data/val/signer0_sample8_color.mp4
/work/cvcs2024/SLR_sentiment_enhanced/datasets/WLASL/WLASL/start_kit/data/val/signer106_sample21_color.mp4
/work/cvcs2024/SLR_sentiment_enhanced/datasets/WLASL/WLASL/start_kit/data/val/signer9_sample1279_color.mp4
/work/cvcs2024/SLR_sentiment_enhanced/datasets/WLASL/WLASL/start_kit/data/val/signer9_sample1239_color.mp4
/work/cvcs2024/SLR_sentiment_enhanced/datasets/WLASL/WLASL/start_kit/data/val/signer6_sample143_color.mp4
/work/cvcs2024/SLR_sentiment_enhanced/datasets/WLASL/WLASL/start_kit/data/val/signer2_sample123_color.mp4
/work/cvcs2024/SLR_sentiment_enhanced/datasets/WLASL/WLASL/start_kit/data/val/signer10_sample325_color.mp4
/work/cvcs2024/SLR_sentiment_enhanced/datasets/WLASL/WLASL/start_kit/data/val/signer11_sample769_color.mp4
image size 192, 288
image size crop 512.0, 768.0
xy_max: [451. 217.], xy_min:[341.  55.]
center: [376. 116.]
(768, 512, 3)
